TN:
SF:src/components/EpisodeDetails/EpisodeDetails.tsx
FN:7,(anonymous_1)
FNF:1
FNH:1
FNDA:2,(anonymous_1)
DA:2,1
DA:7,1
DA:8,2
DA:31,1
LF:4
LH:4
BRDA:15,0,0,1
BRDA:15,0,1,1
BRDA:18,1,0,1
BRDA:18,1,1,1
BRDA:22,2,0,1
BRDA:22,2,1,1
BRF:6
BRH:6
end_of_record
TN:
SF:src/components/EpisodesGrid/EpisodesGrid.tsx
FN:12,(anonymous_1)
FN:29,(anonymous_2)
FNF:2
FNH:2
FNDA:6,(anonymous_1)
FNDA:8,(anonymous_2)
DA:2,1
DA:3,1
DA:4,1
DA:5,1
DA:12,1
DA:13,6
DA:14,6
DA:15,1
DA:17,5
DA:30,8
DA:44,1
LF:11
LH:11
BRDA:14,0,0,1
BRDA:28,1,0,4
BRDA:28,1,1,1
BRF:3
BRH:3
end_of_record
TN:
SF:src/components/EpisodesGrid/index.ts
FNF:0
FNH:0
DA:1,1
DA:2,1
LF:2
LH:2
BRF:0
BRH:0
end_of_record
TN:
SF:src/components/EpisodesGrid/components/EpisodeRow/EpisodeRow.tsx
FN:9,(anonymous_1)
FN:12,(anonymous_2)
FNF:2
FNH:2
FNDA:13,(anonymous_1)
FNDA:2,(anonymous_2)
DA:2,2
DA:3,2
DA:9,2
DA:10,13
DA:11,13
DA:12,13
DA:13,2
DA:15,13
DA:35,2
LF:9
LH:9
BRDA:18,0,0,8
BRDA:18,0,1,5
BRF:2
BRH:2
end_of_record
TN:
SF:src/components/EpisodesGrid/components/EpisodeRow/index.ts
FNF:0
FNH:0
DA:1,1
DA:2,1
LF:2
LH:2
BRF:0
BRH:0
end_of_record
TN:
SF:src/components/EpisodesGrid/components/GridHeader/GridHeader.tsx
FN:1,(anonymous_0)
FNF:1
FNH:1
FNDA:6,(anonymous_0)
DA:1,2
DA:2,6
DA:11,2
LF:3
LH:3
BRF:0
BRH:0
end_of_record
TN:
SF:src/components/EpisodesGrid/components/GridHeader/index.ts
FNF:0
FNH:0
DA:1,2
DA:2,2
LF:2
LH:2
BRF:0
BRH:0
end_of_record
TN:
SF:src/components/Header/Header.tsx
FN:3,(anonymous_1)
FN:9,(anonymous_2)
FNF:2
FNH:1
FNDA:8,(anonymous_1)
FNDA:0,(anonymous_2)
DA:1,1
DA:2,1
DA:3,1
DA:4,8
DA:5,8
DA:6,8
DA:9,0
DA:33,1
LF:8
LH:7
BRDA:17,0,0,8
BRDA:17,0,1,1
BRF:2
BRH:2
end_of_record
TN:
SF:src/components/InputSearch/InputSearch.tsx
FN:9,(anonymous_1)
FNF:1
FNH:1
FNDA:8,(anonymous_1)
DA:2,1
DA:9,1
DA:14,8
DA:15,8
DA:41,1
LF:5
LH:5
BRDA:24,0,0,7
BRDA:24,0,1,1
BRF:2
BRH:2
end_of_record
TN:
SF:src/components/ListOfEpisodesHeader/ListOfEpisodesHeader.tsx
FN:7,(anonymous_1)
FNF:1
FNH:1
FNDA:4,(anonymous_1)
DA:1,1
DA:2,1
DA:7,1
DA:10,4
DA:11,4
DA:12,1
DA:14,3
DA:25,1
LF:8
LH:8
BRDA:11,0,0,1
BRDA:20,1,0,2
BRDA:20,1,1,1
BRF:3
BRH:3
end_of_record
TN:
SF:src/components/Loading/Loading.tsx
FN:1,(anonymous_0)
FNF:1
FNH:1
FNDA:5,(anonymous_0)
DA:1,4
DA:2,5
DA:13,4
LF:3
LH:3
BRDA:5,0,0,2
BRDA:5,0,1,3
BRF:2
BRH:2
end_of_record
TN:
SF:src/components/Loading/index.ts
FNF:0
FNH:0
DA:1,3
DA:2,3
LF:2
LH:2
BRF:0
BRH:0
end_of_record
TN:
SF:src/components/PodcastCard/PodcastCard.tsx
FN:9,(anonymous_1)
FN:15,(anonymous_2)
FN:20,(anonymous_3)
FNF:3
FNH:3
FNDA:4,(anonymous_1)
FNDA:1,(anonymous_2)
FNDA:2,(anonymous_3)
DA:1,1
DA:2,1
DA:3,1
DA:9,1
DA:13,4
DA:14,4
DA:15,4
DA:16,1
DA:17,1
DA:20,4
DA:22,4
DA:50,1
LF:12
LH:12
BRDA:11,0,0,2
BRDA:16,1,0,1
BRDA:32,2,0,4
BRDA:32,2,1,2
BRDA:36,3,0,4
BRDA:36,3,1,2
BRF:6
BRH:6
end_of_record
TN:
SF:src/components/PodcastSummary/PodcastSummary.tsx
FN:6,(anonymous_0)
FN:14,(anonymous_1)
FNF:2
FNH:2
FNDA:9,(anonymous_0)
FNDA:1,(anonymous_1)
DA:2,2
DA:6,2
DA:7,9
DA:8,9
DA:9,9
DA:14,1
DA:32,2
LF:7
LH:7
BRF:0
BRH:0
end_of_record
TN:
SF:src/components/PodcastsContainer/PodcastsContainer.tsx
FN:6,(anonymous_1)
FN:13,(anonymous_2)
FNF:2
FNH:2
FNDA:3,(anonymous_1)
FNDA:6,(anonymous_2)
DA:2,1
DA:3,1
DA:4,1
DA:6,1
DA:7,3
DA:8,3
DA:9,1
DA:11,2
DA:14,6
DA:20,1
LF:10
LH:10
BRDA:8,0,0,1
BRF:1
BRH:1
end_of_record
TN:
SF:src/hooks/usePodcasts/index.ts
FNF:0
FNH:0
DA:1,1
DA:3,1
LF:2
LH:2
BRF:0
BRH:0
end_of_record
TN:
SF:src/hooks/usePodcasts/usePodcasts.ts
FN:9,(anonymous_1)
FN:12,(anonymous_2)
FN:24,(anonymous_3)
FN:33,(anonymous_4)
FN:39,(anonymous_5)
FN:40,(anonymous_6)
FNF:6
FNH:4
FNDA:4,(anonymous_1)
FNDA:2,(anonymous_2)
FNDA:0,(anonymous_3)
FNDA:0,(anonymous_4)
FNDA:2,(anonymous_5)
FNDA:2,(anonymous_6)
DA:1,1
DA:2,1
DA:3,1
DA:4,1
DA:5,1
DA:6,1
DA:7,1
DA:9,1
DA:10,4
DA:11,4
DA:12,4
DA:13,2
DA:20,2
DA:21,0
DA:22,0
DA:24,0
DA:25,0
DA:26,0
DA:27,0
DA:28,0
DA:29,0
DA:30,0
DA:32,0
DA:33,0
DA:34,0
DA:35,0
DA:39,4
DA:40,2
DA:43,4
DA:46,1
LF:30
LH:17
BRDA:13,0,0,2
BRDA:14,1,0,2
BRDA:14,1,1,2
BRF:3
BRH:3
end_of_record
TN:
SF:src/infrastructure/constants/constants.ts
FNF:0
FNH:0
DA:1,3
DA:2,3
DA:3,3
DA:4,3
DA:6,3
LF:5
LH:5
BRF:0
BRH:0
end_of_record
TN:
SF:src/infrastructure/services/podcasts/podcasts.ts
FN:10,(anonymous_1)
FN:17,(anonymous_2)
FN:22,(anonymous_3)
FN:33,(anonymous_4)
FN:47,(anonymous_5)
FN:53,(anonymous_6)
FNF:6
FNH:4
FNDA:2,(anonymous_1)
FNDA:0,(anonymous_2)
FNDA:2,(anonymous_3)
FNDA:2,(anonymous_4)
FNDA:0,(anonymous_5)
FNDA:2,(anonymous_6)
DA:2,2
DA:3,2
DA:4,2
DA:8,2
DA:10,2
DA:15,2
DA:18,0
DA:20,2
DA:21,2
DA:22,1
DA:23,2
DA:33,2
DA:40,2
DA:48,0
DA:50,2
DA:51,1
DA:52,1
DA:53,1
DA:54,2
DA:64,1
DA:65,1
DA:70,1
LF:22
LH:20
BRDA:21,0,0,1
BRDA:50,1,0,1
BRDA:52,2,0,0
BRDA:59,3,0,2
BRDA:59,3,1,0
BRF:5
BRH:3
end_of_record
TN:
SF:src/infrastructure/stores/fecthStatusStore/fecthStatusStore.ts
FN:8,(anonymous_0)
FN:10,(anonymous_1)
FNF:2
FNH:2
FNDA:6,(anonymous_0)
FNDA:5,(anonymous_1)
DA:1,6
DA:8,6
DA:10,5
DA:13,6
LF:4
LH:4
BRF:0
BRH:0
end_of_record
TN:
SF:src/infrastructure/stores/fecthStatusStore/index.ts
FNF:0
FNH:0
DA:1,6
DA:2,6
LF:2
LH:2
BRF:0
BRH:0
end_of_record
TN:
SF:src/infrastructure/stores/podcastsStore/index.ts
FNF:0
FNH:0
DA:1,1
DA:3,1
LF:2
LH:2
BRF:0
BRH:0
end_of_record
TN:
SF:src/infrastructure/stores/podcastsStore/podcastsStore.ts
FN:14,(anonymous_0)
FN:17,(anonymous_1)
FN:18,(anonymous_2)
FNF:3
FNH:2
FNDA:1,(anonymous_0)
FNDA:2,(anonymous_1)
FNDA:0,(anonymous_2)
DA:1,1
DA:2,1
DA:12,1
DA:14,1
DA:17,2
DA:18,0
DA:26,1
LF:7
LH:6
BRF:0
BRH:0
end_of_record
TN:
SF:src/infrastructure/utils/checkElapsedTime/checkElapsedTime.ts
FN:3,checkElapsedTime
FNF:1
FNH:1
FNDA:4,checkElapsedTime
DA:1,2
DA:10,4
DA:11,4
DA:14,2
LF:4
LH:4
BRF:0
BRH:0
end_of_record
TN:
SF:src/infrastructure/utils/convertDate/convertDate.ts
FN:3,convertDate
FNF:1
FNH:1
FNDA:18,convertDate
DA:1,3
DA:3,3
DA:4,18
DA:5,18
DA:6,1
DA:7,1
DA:9,17
LF:7
LH:7
BRDA:5,0,0,1
BRF:1
BRH:1
end_of_record
TN:
SF:src/infrastructure/utils/convertMillisecondsToHHMMSS/convertMillisecondsToHHMMSS.ts
FN:6,convertMillisecondsToHHMMSS
FNF:1
FNH:1
FNDA:8,convertMillisecondsToHHMMSS
DA:6,3
DA:7,8
DA:8,2
DA:10,6
DA:11,6
DA:12,6
DA:14,6
DA:16,6
DA:17,1
DA:18,1
DA:21,6
DA:22,6
DA:24,6
DA:26,6
LF:14
LH:14
BRDA:7,0,0,2
BRDA:7,1,0,8
BRDA:7,1,1,7
BRDA:16,2,0,1
BRF:4
BRH:4
end_of_record
TN:
SF:src/infrastructure/utils/validateJSON/validateJSON.ts
FN:1,validateJSON
FNF:1
FNH:1
FNDA:3,validateJSON
DA:1,3
DA:2,3
DA:3,3
DA:4,2
DA:6,1
DA:11,1
LF:6
LH:6
BRF:0
BRH:0
end_of_record
