TN:
SF:src/components/EpisodeDetails/EpisodeDetails.tsx
FN:7,(anonymous_1)
FNF:1
FNH:1
FNDA:2,(anonymous_1)
DA:2,1
DA:7,1
DA:8,2
DA:31,1
LF:4
LH:4
BRDA:15,0,0,1
BRDA:15,0,1,1
BRDA:18,1,0,1
BRDA:18,1,1,1
BRDA:22,2,0,1
BRDA:22,2,1,1
BRF:6
BRH:6
end_of_record
TN:
SF:src/components/Header/Header.tsx
FN:3,(anonymous_1)
FN:9,(anonymous_2)
FNF:2
FNH:1
FNDA:10,(anonymous_1)
FNDA:0,(anonymous_2)
DA:1,1
DA:2,1
DA:3,1
DA:4,10
DA:5,10
DA:6,10
DA:9,0
DA:33,1
LF:8
LH:7
BRDA:17,0,0,10
BRDA:17,0,1,2
BRF:2
BRH:2
end_of_record
TN:
SF:src/components/InputSearch/InputSearch.tsx
FN:9,(anonymous_1)
FNF:1
FNH:1
FNDA:9,(anonymous_1)
DA:2,1
DA:9,1
DA:14,9
DA:15,9
DA:41,1
LF:5
LH:5
BRDA:24,0,0,8
BRDA:24,0,1,1
BRF:2
BRH:2
end_of_record
TN:
SF:src/components/ListOfEpisodesHeader/ListOfEpisodesHeader.tsx
FN:7,(anonymous_1)
FNF:1
FNH:1
FNDA:4,(anonymous_1)
DA:1,1
DA:2,1
DA:7,1
DA:10,4
DA:11,4
DA:12,1
DA:14,3
DA:25,1
LF:8
LH:8
BRDA:11,0,0,1
BRDA:20,1,0,2
BRDA:20,1,1,1
BRF:3
BRH:3
end_of_record
TN:
SF:src/components/Loading/Loading.tsx
FN:1,(anonymous_0)
FNF:1
FNH:1
FNDA:3,(anonymous_0)
DA:1,2
DA:2,3
DA:13,2
LF:3
LH:3
BRDA:5,0,0,2
BRDA:5,0,1,1
BRF:2
BRH:2
end_of_record
TN:
SF:src/components/Loading/index.ts
FNF:0
FNH:0
DA:1,1
DA:2,1
LF:2
LH:2
BRF:0
BRH:0
end_of_record
TN:
SF:src/components/PodcastSummary/PodcastSummary.tsx
FN:6,(anonymous_0)
FN:14,(anonymous_1)
FNF:2
FNH:2
FNDA:3,(anonymous_0)
FNDA:1,(anonymous_1)
DA:2,1
DA:6,1
DA:7,3
DA:8,3
DA:9,3
DA:14,1
DA:32,1
LF:7
LH:7
BRF:0
BRH:0
end_of_record
TN:
SF:src/infrastructure/stores/fecthStatusStore/fecthStatusStore.ts
FN:8,(anonymous_0)
FN:10,(anonymous_1)
FNF:2
FNH:2
FNDA:3,(anonymous_0)
FNDA:6,(anonymous_1)
DA:1,3
DA:8,3
DA:10,6
DA:13,3
LF:4
LH:4
BRF:0
BRH:0
end_of_record
TN:
SF:src/infrastructure/stores/fecthStatusStore/index.ts
FNF:0
FNH:0
DA:1,3
DA:2,3
LF:2
LH:2
BRF:0
BRH:0
end_of_record
